2020/05/28 09:23:05 INFO  - jmeter.util.JMeterUtils: Setting Locale to en_US 
2020/05/28 09:23:05 INFO  - jmeter.JMeter: Loading user properties from: /usr/share/jmeter/bin/user.properties 
2020/05/28 09:23:05 INFO  - jmeter.JMeter: Loading system properties from: /usr/share/jmeter/bin/system.properties 
2020/05/28 09:23:05 INFO  - jmeter.JMeter: Setting JMeter property: threads=10 
2020/05/28 09:23:05 INFO  - jmeter.JMeter: Setting JMeter property: rampup=1 
2020/05/28 09:23:05 INFO  - jmeter.JMeter: Setting JMeter property: loops=10 
2020/05/28 09:23:05 INFO  - jmeter.JMeter: Copyright (c) 1998-2015 The Apache Software Foundation 
2020/05/28 09:23:05 INFO  - jmeter.JMeter: Version 2.13.20170723 
2020/05/28 09:23:05 INFO  - jmeter.JMeter: java.version=11.0.7 
2020/05/28 09:23:05 INFO  - jmeter.JMeter: java.vm.name=OpenJDK 64-Bit Server VM 
2020/05/28 09:23:05 INFO  - jmeter.JMeter: os.name=Linux 
2020/05/28 09:23:05 INFO  - jmeter.JMeter: os.arch=amd64 
2020/05/28 09:23:05 INFO  - jmeter.JMeter: os.version=5.3.0-53-generic 
2020/05/28 09:23:05 INFO  - jmeter.JMeter: file.encoding=UTF-8 
2020/05/28 09:23:05 INFO  - jmeter.JMeter: Default Locale=English (United States) 
2020/05/28 09:23:05 INFO  - jmeter.JMeter: JMeter  Locale=English (United States) 
2020/05/28 09:23:05 INFO  - jmeter.JMeter: JMeterHome=/usr/share/jmeter 
2020/05/28 09:23:05 INFO  - jmeter.JMeter: user.dir  =/home/hollk/repos/af-test/JMeter/POD/generic 
2020/05/28 09:23:05 INFO  - jmeter.JMeter: PWD       =/home/hollk/repos/af-test/JMeter/POD/generic 
2020/05/28 09:23:05 INFO  - jmeter.JMeter: IP: 127.0.0.1 Name: 89-20 FullName: 89-20.wt.ams.se 
2020/05/28 09:23:05 INFO  - jmeter.services.FileServer: Default base='/home/hollk/repos/af-test/JMeter/POD/generic' 
2020/05/28 09:23:05 INFO  - jmeter.services.FileServer: Set new base='/home/hollk/repos/af-test/JMeter/POD/generic' 
2020/05/28 09:23:05 INFO  - jmeter.save.SaveService: Testplan (JMX) version: 2.2. Testlog (JTL) version: 2.2 
2020/05/28 09:23:05 INFO  - jmeter.save.SaveService: Using SaveService properties version 2.8 
2020/05/28 09:23:05 INFO  - jmeter.save.SaveService: Using SaveService properties file version 1656252 
2020/05/28 09:23:05 INFO  - jmeter.save.SaveService: Using SaveService properties file encoding UTF-8 
2020/05/28 09:23:05 INFO  - jmeter.save.SaveService: All converter versions present and correct 
2020/05/28 09:23:05 INFO  - jmeter.save.SaveService: Loading file: pod_contacts_generic.jmx 
2020/05/28 09:23:05 INFO  - jmeter.protocol.http.control.CookieManager: Settings: Delete null: true Check: true Allow variable: true Save: false Prefix: COOKIE_ 
2020/05/28 09:23:05 INFO  - jmeter.protocol.http.sampler.HTTPSamplerBase: Cannot find .className property for htmlParser, using default 
2020/05/28 09:23:05 INFO  - jmeter.protocol.http.sampler.HTTPSamplerBase: Parser for text/html is  
2020/05/28 09:23:05 INFO  - jmeter.protocol.http.sampler.HTTPSamplerBase: Parser for application/xhtml+xml is  
2020/05/28 09:23:05 INFO  - jmeter.protocol.http.sampler.HTTPSamplerBase: Parser for application/xml is  
2020/05/28 09:23:05 INFO  - jmeter.protocol.http.sampler.HTTPSamplerBase: Parser for text/xml is  
2020/05/28 09:23:05 INFO  - jmeter.protocol.http.sampler.HTTPSamplerBase: Parser for text/vnd.wap.wml is org.apache.jmeter.protocol.http.parser.RegexpHTMLParser 
2020/05/28 09:23:06 INFO  - jorphan.exec.KeyToolUtils: keytool found at 'keytool' 
2020/05/28 09:23:06 INFO  - jmeter.protocol.http.proxy.ProxyControl: HTTP(S) Test Script Recorder SSL Proxy will use keys that support embedded 3rd party resources in file /usr/share/jmeter/bin/proxyserver.jks 
2020/05/28 09:23:06 INFO  - jmeter.JMeter: Creating summariser <summary> 
2020/05/28 09:23:06 INFO  - jmeter.engine.StandardJMeterEngine: Listeners will be started after enabling running version 
2020/05/28 09:23:06 INFO  - jmeter.engine.StandardJMeterEngine: To revert to the earlier behaviour, define jmeterengine.startlistenerslater=false 
2020/05/28 09:23:06 INFO  - jmeter.engine.StandardJMeterEngine: Running the test! 
2020/05/28 09:23:06 INFO  - jmeter.samplers.SampleEvent: List of sample_variables: [] 
2020/05/28 09:23:06 INFO  - jmeter.samplers.SampleEvent: List of sample_variables: [] 
2020/05/28 09:23:06 INFO  - jmeter.engine.util.CompoundVariable: Note: Function class names must contain the string: '.functions.' 
2020/05/28 09:23:06 INFO  - jmeter.engine.util.CompoundVariable: Note: Function class names must not contain the string: '.gui.' 
2020/05/28 09:23:06 INFO  - jmeter.JMeter: Running test (1590650586444) 
2020/05/28 09:23:06 INFO  - jmeter.engine.StandardJMeterEngine: Starting ThreadGroup: 1 : Thread Group 
2020/05/28 09:23:06 INFO  - jmeter.engine.StandardJMeterEngine: Starting 10 threads for group Thread Group. 
2020/05/28 09:23:06 INFO  - jmeter.engine.StandardJMeterEngine: Thread will continue on error 
2020/05/28 09:23:06 INFO  - jmeter.threads.ThreadGroup: Starting thread group number 1 threads 10 ramp-up 1 perThread 100.0 delayedStart=false 
2020/05/28 09:23:06 INFO  - jmeter.threads.JMeterThread: jmeterthread.startearlier=true (see jmeter.properties) 
2020/05/28 09:23:06 INFO  - jmeter.threads.JMeterThread: Running PostProcessors in forward order 
2020/05/28 09:23:06 INFO  - jmeter.threads.ThreadGroup: Started thread group number 1 
2020/05/28 09:23:06 INFO  - jmeter.engine.StandardJMeterEngine: All thread groups have been started 
2020/05/28 09:23:06 INFO  - jmeter.samplers.SampleResult: Note: Sample TimeStamps are START times 
2020/05/28 09:23:06 INFO  - jmeter.samplers.SampleResult: sampleresult.default.encoding is set to ISO-8859-1 
2020/05/28 09:23:06 INFO  - jmeter.samplers.SampleResult: sampleresult.useNanoTime=true 
2020/05/28 09:23:06 INFO  - jmeter.samplers.SampleResult: sampleresult.nanoThreadSleep=5000 
2020/05/28 09:23:06 INFO  - jmeter.threads.JMeterThread: Thread started: Thread Group 1-1 
2020/05/28 09:23:06 INFO  - jmeter.protocol.http.sampler.HTTPHCAbstractImpl: Local host = 89-20 
2020/05/28 09:23:06 INFO  - jmeter.protocol.http.sampler.HTTPHC4Impl: HTTP request retry count = 0 
2020/05/28 09:23:06 INFO  - jmeter.protocol.http.sampler.HTTPHC4Impl: Setting up HTTPS TrustAll scheme 
2020/05/28 09:23:06 INFO  - jmeter.util.JsseSSLManager: Using default SSL protocol: TLS 
2020/05/28 09:23:06 INFO  - jmeter.util.JsseSSLManager: SSL session context: per-thread 
2020/05/28 09:23:06 INFO  - jmeter.threads.JMeterThread: Thread started: Thread Group 1-2 
2020/05/28 09:23:06 INFO  - jmeter.threads.JMeterThread: Thread started: Thread Group 1-3 
2020/05/28 09:23:06 INFO  - jmeter.threads.JMeterThread: Thread started: Thread Group 1-4 
2020/05/28 09:23:06 INFO  - jmeter.threads.JMeterThread: Thread started: Thread Group 1-5 
2020/05/28 09:23:07 INFO  - jmeter.threads.JMeterThread: Thread started: Thread Group 1-6 
2020/05/28 09:23:07 INFO  - jmeter.threads.JMeterThread: Thread started: Thread Group 1-7 
2020/05/28 09:23:07 INFO  - jmeter.threads.JMeterThread: Thread started: Thread Group 1-8 
2020/05/28 09:23:07 INFO  - jmeter.threads.JMeterThread: Thread started: Thread Group 1-9 
2020/05/28 09:23:07 INFO  - jmeter.threads.JMeterThread: Thread started: Thread Group 1-10 
2020/05/28 09:23:30 INFO  - jmeter.reporters.Summariser: summary +    919 in    24s =   39.0/s Avg:   509 Min:    16 Max: 13281 Err:     0 (0.00%) Active: 10 Started: 10 Finished: 0 
2020/05/28 09:23:59 INFO  - jmeter.threads.JMeterThread: Thread is done: Thread Group 1-1 
2020/05/28 09:23:59 INFO  - jmeter.threads.JMeterThread: Thread finished: Thread Group 1-1 
2020/05/28 09:23:59 INFO  - jmeter.threads.JMeterThread: Thread is done: Thread Group 1-9 
2020/05/28 09:23:59 INFO  - jmeter.threads.JMeterThread: Thread finished: Thread Group 1-9 
2020/05/28 09:23:59 INFO  - jmeter.threads.JMeterThread: Thread is done: Thread Group 1-7 
2020/05/28 09:23:59 INFO  - jmeter.threads.JMeterThread: Thread finished: Thread Group 1-7 
2020/05/28 09:23:59 INFO  - jmeter.threads.JMeterThread: Thread is done: Thread Group 1-3 
2020/05/28 09:23:59 INFO  - jmeter.threads.JMeterThread: Thread finished: Thread Group 1-3 
2020/05/28 09:24:00 INFO  - jmeter.reporters.Summariser: summary +   1933 in  30.1s =   64.3/s Avg:   322 Min:    13 Max:  5206 Err:     0 (0.00%) Active: 6 Started: 10 Finished: 4 
2020/05/28 09:24:00 INFO  - jmeter.reporters.Summariser: summary =   2852 in    54s =   53.2/s Avg:   382 Min:    13 Max: 13281 Err:     0 (0.00%) 
2020/05/28 09:24:00 INFO  - jmeter.threads.JMeterThread: Thread is done: Thread Group 1-8 
2020/05/28 09:24:00 INFO  - jmeter.threads.JMeterThread: Thread finished: Thread Group 1-8 
2020/05/28 09:24:00 INFO  - jmeter.threads.JMeterThread: Thread is done: Thread Group 1-5 
2020/05/28 09:24:00 INFO  - jmeter.threads.JMeterThread: Thread finished: Thread Group 1-5 
2020/05/28 09:24:00 INFO  - jmeter.threads.JMeterThread: Thread is done: Thread Group 1-4 
2020/05/28 09:24:00 INFO  - jmeter.threads.JMeterThread: Thread finished: Thread Group 1-4 
2020/05/28 09:24:00 INFO  - jmeter.threads.JMeterThread: Thread is done: Thread Group 1-2 
2020/05/28 09:24:00 INFO  - jmeter.threads.JMeterThread: Thread finished: Thread Group 1-2 
2020/05/28 09:24:00 INFO  - jmeter.threads.JMeterThread: Thread is done: Thread Group 1-6 
2020/05/28 09:24:00 INFO  - jmeter.threads.JMeterThread: Thread finished: Thread Group 1-6 
2020/05/28 09:24:01 INFO  - jmeter.threads.JMeterThread: Thread is done: Thread Group 1-10 
2020/05/28 09:24:01 INFO  - jmeter.threads.JMeterThread: Thread finished: Thread Group 1-10 
2020/05/28 09:24:01 INFO  - jmeter.engine.StandardJMeterEngine: Notifying test listeners of end of test 
2020/05/28 09:24:01 INFO  - jmeter.reporters.Summariser: summary +     48 in     1s =   45.8/s Avg:   706 Min:    21 Max:  6368 Err:     0 (0.00%) Active: 0 Started: 10 Finished: 10 
2020/05/28 09:24:01 INFO  - jmeter.reporters.Summariser: summary =   2900 in    55s =   53.1/s Avg:   388 Min:    13 Max: 13281 Err:     0 (0.00%) 
